#
# There is insufficient memory for the Java Runtime Environment to continue.
# Native memory allocation (malloc) failed to allocate 32784 bytes for Chunk::new
# Possible reasons:
#   The system is out of physical RAM or swap space
#   The process is running with CompressedOops enabled, and the Java Heap may be blocking the growth of the native heap
# Possible solutions:
#   Reduce memory load on the system
#   Increase physical memory or swap space
#   Check if swap backing store is full
#   Decrease Java heap size (-Xmx/-Xms)
#   Decrease number of Java threads
#   Decrease Java thread stack sizes (-Xss)
#   Set larger code cache with -XX:ReservedCodeCacheSize=
#   JVM is running with Zero Based Compressed Oops mode in which the Java heap is
#     placed in the first 32GB address space. The Java Heap base address is the
#     maximum limit for the native heap growth. Please use -XX:HeapBaseMinAddress
#     to set the Java Heap base and to place the Java Heap above 32GB virtual address.
# This output file may be truncated or incomplete.
#
#  Out of Memory Error (allocation.cpp:390), pid=192320, tid=0x000000000003a05c
#
# JRE version: Java(TM) SE Runtime Environment (8.0_192-b12) (build 1.8.0_192-b12)
# Java VM: Java HotSpot(TM) 64-Bit Server VM (25.192-b12 mixed mode windows-amd64 compressed oops)
# Failed to write core dump. Minidumps are not enabled by default on client versions of Windows
#

---------------  T H R E A D  ---------------

Current thread (0x0000000019caf800):  JavaThread "C2 CompilerThread1" daemon [_thread_in_native, id=237660, stack(0x000000001b3e0000,0x000000001b4e0000)]

Stack: [0x000000001b3e0000,0x000000001b4e0000]
[error occurred during error reporting (printing stack bounds), id 0xc0000005]

Native frames: (J=compiled Java code, j=interpreted, Vv=VM code, C=native code)


Current CompileTask:
C2:   1371  681       4       java.lang.String::replace (127 bytes)


---------------  P R O C E S S  ---------------

Java Threads: ( => current thread )
  0x0000000020df1000 JavaThread "Thread-3" daemon [_thread_in_native, id=20092, stack(0x00000000215a0000,0x00000000216a0000)]
  0x0000000020dab000 JavaThread "JavaFX-Launcher" [_thread_blocked, id=95068, stack(0x00000000216a0000,0x00000000217a0000)]
  0x000000001b95d000 JavaThread "JavaFX Application Thread" [_thread_in_Java, id=32876, stack(0x000000001c2d0000,0x000000001c3d0000)]
  0x000000001b94b000 JavaThread "Thread-1" daemon [_thread_blocked, id=100532, stack(0x000000001c1d0000,0x000000001c2d0000)]
  0x000000001b922800 JavaThread "QuantumRenderer-0" daemon [_thread_blocked, id=11144, stack(0x000000001be60000,0x000000001bf60000)]
  0x0000000019cfe000 JavaThread "Service Thread" daemon [_thread_blocked, id=121372, stack(0x000000001b9e0000,0x000000001bae0000)]
  0x0000000019ccc800 JavaThread "C1 CompilerThread2" daemon [_thread_in_vm, id=128240, stack(0x000000001b4e0000,0x000000001b5e0000)]
=>0x0000000019caf800 JavaThread "C2 CompilerThread1" daemon [_thread_in_native, id=237660, stack(0x000000001b3e0000,0x000000001b4e0000)]
  0x0000000019ca9000 JavaThread "C2 CompilerThread0" daemon [_thread_blocked, id=96932, stack(0x000000001b2e0000,0x000000001b3e0000)]
  0x0000000019ca5000 JavaThread "Attach Listener" daemon [_thread_blocked, id=123340, stack(0x000000001b1e0000,0x000000001b2e0000)]
  0x0000000019ca4000 JavaThread "Signal Dispatcher" daemon [_thread_blocked, id=99204, stack(0x000000001b0e0000,0x000000001b1e0000)]
  0x0000000002c0b000 JavaThread "Finalizer" daemon [_thread_blocked, id=134088, stack(0x000000001aef0000,0x000000001aff0000)]
  0x0000000002c02000 JavaThread "Reference Handler" daemon [_thread_blocked, id=13588, stack(0x000000001adf0000,0x000000001aef0000)]
  0x0000000002b12800 JavaThread "main" [_thread_blocked, id=118716, stack(0x0000000002a10000,0x0000000002b10000)]

Other Threads:
  0x0000000019c67000 VMThread [stack: 0x000000001acf0000,0x000000001adf0000] [id=252644]
  0x000000001b60f800 WatcherThread [stack: 0x000000001bae0000,0x000000001bbe0000] [id=85336]

VM state:not at safepoint (normal execution)

VM Mutex/Monitor currently owned by a thread: None

heap address: 0x0000000702000000, size: 3040 MB, Compressed Oops mode: Zero based, Oop shift amount: 3
Narrow klass base: 0x0000000000000000, Narrow klass shift: 3
Compressed class space size: 1073741824 Address: 0x00000007c0000000

Heap:
 PSYoungGen      total 56832K, used 19127K [0x0000000780b00000, 0x0000000784a00000, 0x00000007c0000000)
  eden space 49152K, 38% used [0x0000000780b00000,0x0000000781dadc90,0x0000000783b00000)
  from space 7680K, 0% used [0x0000000784280000,0x0000000784280000,0x0000000784a00000)
  to   space 7680K, 0% used [0x0000000783b00000,0x0000000783b00000,0x0000000784280000)
 ParOldGen       total 130048K, used 0K [0x0000000702000000, 0x0000000709f00000, 0x0000000780b00000)
  object space 130048K, 0% used [0x0000000702000000,0x0000000702000000,0x0000000709f00000)
 Metaspace       used 9519K, capacity 9884K, committed 10112K, reserved 1058816K
  class space    used 1176K, capacity 1302K, committed 1408K, reserved 1048576K

Card table byte_map: [0x0000000011fd0000,0x00000000125d0000] byte_map_base: 0x000000000e7c0000

Marking Bits: (ParMarkBitMap*) 0x00000000679d3ce0
 Begin Bits: [0x0000000012dd0000, 0x0000000015d50000)
 End Bits:   [0x0000000015d50000, 0x0000000018cd0000)

Polling page: 0x0000000000b30000

CodeCache: size=245760Kb used=2799Kb max_used=2799Kb free=242960Kb
 bounds [0x0000000002c10000, 0x0000000002ed0000, 0x0000000011c10000]
 total_blobs=1101 nmethods=687 adapters=327
 compilation: enabled

Compilation events (10 events):
Event: 1.360 Thread 0x0000000019ccc800 nmethod 675 0x0000000002ec2190 code [0x0000000002ec2320, 0x0000000002ec2788]
Event: 1.360 Thread 0x0000000019ccc800  678       3       java.util.Collections$UnmodifiableCollection::size (10 bytes)
Event: 1.360 Thread 0x0000000019ccc800 nmethod 678 0x0000000002ec2990 code [0x0000000002ec2b00, 0x0000000002ec2d28]
Event: 1.360 Thread 0x0000000019ccc800  679       3       java.util.Collections$UnmodifiableList::get (11 bytes)
Event: 1.360 Thread 0x0000000019ccc800 nmethod 679 0x0000000002ec2dd0 code [0x0000000002ec2f40, 0x0000000002ec3168]
Event: 1.360 Thread 0x0000000019ccc800  680       3       com.sun.javafx.css.Rule::getUnobservedSelectorList (23 bytes)
Event: 1.360 Thread 0x0000000019ccc800 nmethod 680 0x0000000002ec3210 code [0x0000000002ec3380, 0x0000000002ec3730]
Event: 1.362 Thread 0x0000000019caf800  681       4       java.lang.String::replace (127 bytes)
Event: 1.363 Thread 0x0000000019ccc800  682   !   3       java.net.URL::<init> (543 bytes)
Event: 1.363 Thread 0x0000000019ca9000  683       4       sun.misc.MetaIndex::mayContain (51 bytes)

GC Heap History (0 events):
No events

Deoptimization events (5 events):
Event: 1.100 Thread 0x000000001b95d000 Uncommon trap: reason=unstable_if action=reinterpret pc=0x0000000002dd9df4 method=java.lang.String.replace(CC)Ljava/lang/String; @ 26
Event: 1.119 Thread 0x000000001b95d000 Uncommon trap: reason=unstable_if action=reinterpret pc=0x0000000002e0ec04 method=java.lang.String.indexOf([CII[CIII)I @ 134
Event: 1.330 Thread 0x000000001b95d000 Uncommon trap: reason=unstable_if action=reinterpret pc=0x0000000002e899e8 method=java.io.BufferedInputStream.read()I @ 8
Event: 1.352 Thread 0x000000001b95d000 Uncommon trap: reason=unstable_if action=reinterpret pc=0x0000000002ea7770 method=java.util.HashMap.getNode(ILjava/lang/Object;)Ljava/util/HashMap$Node; @ 84
Event: 1.352 Thread 0x000000001b95d000 Uncommon trap: reason=unstable_if action=reinterpret pc=0x0000000002e94170 method=java.util.HashMap.getNode(ILjava/lang/Object;)Ljava/util/HashMap$Node; @ 84

Classes redefined (0 events):
No events

Internal exceptions (10 events):
Event: 0.055 Thread 0x0000000002b12800 Exception <a 'java/lang/NoSuchMethodError': Method sun.misc.Unsafe.prefetchRead(Ljava/lang/Object;J)V name or signature does not match> (0x0000000780b07f98) thrown at [C:\workspace\8-2-build-windows-amd64-cygwin\jdk8u192\11897\hotspot\src\share\vm\prims\j
Event: 0.413 Thread 0x0000000002b12800 Exception <a 'java/lang/NoSuchFieldError': method resolution failed> (0x0000000780d871f0) thrown at [C:\workspace\8-2-build-windows-amd64-cygwin\jdk8u192\11897\hotspot\src\share\vm\prims\methodHandles.cpp, line 1167]
Event: 0.421 Thread 0x0000000002b12800 Exception <a 'java/lang/NoSuchFieldError': method resolution failed> (0x0000000780d94570) thrown at [C:\workspace\8-2-build-windows-amd64-cygwin\jdk8u192\11897\hotspot\src\share\vm\prims\methodHandles.cpp, line 1167]
Event: 0.557 Thread 0x0000000002b12800 Exception <a 'java/security/PrivilegedActionException'> (0x0000000780e1f198) thrown at [C:\workspace\8-2-build-windows-amd64-cygwin\jdk8u192\11897\hotspot\src\share\vm\prims\jvm.cpp, line 1435]
Event: 0.557 Thread 0x0000000002b12800 Exception <a 'java/security/PrivilegedActionException'> (0x0000000780e1f3a8) thrown at [C:\workspace\8-2-build-windows-amd64-cygwin\jdk8u192\11897\hotspot\src\share\vm\prims\jvm.cpp, line 1435]
Event: 0.571 Thread 0x0000000002b12800 Exception <a 'java/security/PrivilegedActionException'> (0x0000000780e232b8) thrown at [C:\workspace\8-2-build-windows-amd64-cygwin\jdk8u192\11897\hotspot\src\share\vm\prims\jvm.cpp, line 1435]
Event: 0.571 Thread 0x0000000002b12800 Exception <a 'java/security/PrivilegedActionException'> (0x0000000780e234c8) thrown at [C:\workspace\8-2-build-windows-amd64-cygwin\jdk8u192\11897\hotspot\src\share\vm\prims\jvm.cpp, line 1435]
Event: 0.582 Thread 0x0000000002b12800 Exception <a 'java/lang/NullPointerException'> (0x0000000780e23aa0) thrown at [C:\workspace\8-2-build-windows-amd64-cygwin\jdk8u192\11897\hotspot\src\share\vm\interpreter\linkResolver.cpp, line 1185]
Event: 1.237 Thread 0x000000001b95d000 Exception <a 'java/lang/NullPointerException'> (0x00000007818e6518) thrown at [C:\workspace\8-2-build-windows-amd64-cygwin\jdk8u192\11897\hotspot\src\share\vm\interpreter\linkResolver.cpp, line 1185]
Event: 1.237 Thread 0x000000001b95d000 Exception <a 'java/lang/NullPointerException'> (0x00000007818e6518) thrown at [C:\workspace\8-2-build-windows-amd64-cygwin\jdk8u192\11897\hotspot\src\share\vm\prims\jvm.cpp, line 1439]

Events (10 events):
Event: 1.363 loading class com/sun/javafx/css/converters/StringConverter$SequenceConverter
Event: 1.363 loading class com/sun/javafx/css/converters/StringConverter$SequenceConverter done
Event: 1.363 loading class com/sun/javafx/css/converters/URLConverter$SequenceConverter
Event: 1.363 loading class com/sun/javafx/css/converters/URLConverter$SequenceConverter done
Event: 1.363 loading class com/sun/javafx/scene/layout/region/BackgroundPositionConverter
Event: 1.363 loading class com/sun/javafx/scene/layout/region/BackgroundPositionConverter done
Event: 1.363 loading class com/sun/javafx/scene/layout/region/BackgroundSizeConverter
Event: 1.363 loading class com/sun/javafx/scene/layout/region/BackgroundSizeConverter done
Event: 1.363 loading class com/sun/javafx/scene/layout/region/BorderImageSliceConverter
Event: 1.363 loading class com/sun/javafx/scene/layout/region/BorderImageSliceConverter done


Dynamic libraries:
0x00007ff6c1800000 - 0x00007ff6c1837000 	C:\Program Files\Java\jdk1.8.0_192\jre\bin\java.exe
0x00007ff9897f0000 - 0x00007ff9899d1000 	C:\WINDOWS\SYSTEM32\ntdll.dll
0x00007ff989680000 - 0x00007ff989732000 	C:\WINDOWS\System32\KERNEL32.DLL
0x00007ff9869b0000 - 0x00007ff986c23000 	C:\WINDOWS\System32\KERNELBASE.dll
0x00007ff987700000 - 0x00007ff9877a1000 	C:\WINDOWS\System32\ADVAPI32.dll
0x00007ff989230000 - 0x00007ff9892ce000 	C:\WINDOWS\System32\msvcrt.dll
0x00007ff988d70000 - 0x00007ff988dcb000 	C:\WINDOWS\System32\sechost.dll
0x00007ff986d70000 - 0x00007ff986e94000 	C:\WINDOWS\System32\RPCRT4.dll
0x00007ff988dd0000 - 0x00007ff988f60000 	C:\WINDOWS\System32\USER32.dll
0x00007ff986170000 - 0x00007ff986190000 	C:\WINDOWS\System32\win32u.dll
0x00007ff9875a0000 - 0x00007ff9875c8000 	C:\WINDOWS\System32\GDI32.dll
0x00007ff985c40000 - 0x00007ff985dd2000 	C:\WINDOWS\System32\gdi32full.dll
0x00007ff985de0000 - 0x00007ff985e7f000 	C:\WINDOWS\System32\msvcp_win.dll
0x00007ff986070000 - 0x00007ff98616a000 	C:\WINDOWS\System32\ucrtbase.dll
0x00007ff972090000 - 0x00007ff9722f9000 	C:\WINDOWS\WinSxS\amd64_microsoft.windows.common-controls_6595b64144ccf1df_6.0.17134.407_none_fb449d63306391e9\COMCTL32.dll
0x00007ff989340000 - 0x00007ff989662000 	C:\WINDOWS\System32\combase.dll
0x00007ff985bc0000 - 0x00007ff985c3a000 	C:\WINDOWS\System32\bcryptPrimitives.dll
0x00007ff9890c0000 - 0x00007ff9890ed000 	C:\WINDOWS\System32\IMM32.DLL
0x0000000067ef0000 - 0x0000000067fc1000 	C:\Program Files\Java\jdk1.8.0_192\jre\bin\msvcr100.dll
0x00000000671b0000 - 0x0000000067a53000 	C:\Program Files\Java\jdk1.8.0_192\jre\bin\server\jvm.dll
0x00007ff989670000 - 0x00007ff989678000 	C:\WINDOWS\System32\PSAPI.DLL
0x00007ff97f500000 - 0x00007ff97f509000 	C:\WINDOWS\SYSTEM32\WSOCK32.dll
0x00007ff9892d0000 - 0x00007ff98933c000 	C:\WINDOWS\System32\WS2_32.dll
0x00007ff97bbf0000 - 0x00007ff97bbfa000 	C:\WINDOWS\SYSTEM32\VERSION.dll
0x00007ff9822e0000 - 0x00007ff982303000 	C:\WINDOWS\SYSTEM32\WINMM.dll
0x00007ff982100000 - 0x00007ff98212a000 	C:\WINDOWS\SYSTEM32\WINMMBASE.dll
0x00007ff986c30000 - 0x00007ff986c79000 	C:\WINDOWS\System32\cfgmgr32.dll
0x00007ff97fe20000 - 0x00007ff97fe2f000 	C:\Program Files\Java\jdk1.8.0_192\jre\bin\verify.dll
0x00007ff977ea0000 - 0x00007ff977ec9000 	C:\Program Files\Java\jdk1.8.0_192\jre\bin\java.dll
0x00007ff975360000 - 0x00007ff975376000 	C:\Program Files\Java\jdk1.8.0_192\jre\bin\zip.dll
0x00007ff9877b0000 - 0x00007ff988bef000 	C:\WINDOWS\System32\SHELL32.dll
0x00007ff989170000 - 0x00007ff989219000 	C:\WINDOWS\System32\shcore.dll
0x00007ff9861f0000 - 0x00007ff9868fd000 	C:\WINDOWS\System32\windows.storage.dll
0x00007ff987490000 - 0x00007ff9874e1000 	C:\WINDOWS\System32\shlwapi.dll
0x00007ff985b80000 - 0x00007ff985b91000 	C:\WINDOWS\System32\kernel.appcore.dll
0x00007ff985ba0000 - 0x00007ff985bbf000 	C:\WINDOWS\System32\profapi.dll
0x00007ff985b30000 - 0x00007ff985b7c000 	C:\WINDOWS\System32\powrprof.dll
0x00007ff985b00000 - 0x00007ff985b0a000 	C:\WINDOWS\System32\FLTLIB.DLL
0x000000001bbe0000 - 0x000000001bbe3000 	C:\Program Files\Java\jdk1.8.0_192\jre\bin\api-ms-win-core-console-l1-1-0.dll
0x000000001bbf0000 - 0x000000001bbf3000 	C:\Program Files\Java\jdk1.8.0_192\jre\bin\api-ms-win-core-datetime-l1-1-0.dll
0x000000001bc00000 - 0x000000001bc03000 	C:\Program Files\Java\jdk1.8.0_192\jre\bin\api-ms-win-core-debug-l1-1-0.dll
0x000000001bc10000 - 0x000000001bc13000 	C:\Program Files\Java\jdk1.8.0_192\jre\bin\api-ms-win-core-errorhandling-l1-1-0.dll
0x000000001bc20000 - 0x000000001bc24000 	C:\Program Files\Java\jdk1.8.0_192\jre\bin\api-ms-win-core-file-l1-1-0.dll
0x000000001bc30000 - 0x000000001bc33000 	C:\Program Files\Java\jdk1.8.0_192\jre\bin\api-ms-win-core-file-l1-2-0.dll
0x000000001bc40000 - 0x000000001bc43000 	C:\Program Files\Java\jdk1.8.0_192\jre\bin\api-ms-win-core-file-l2-1-0.dll
0x000000001bc50000 - 0x000000001bc53000 	C:\Program Files\Java\jdk1.8.0_192\jre\bin\api-ms-win-core-handle-l1-1-0.dll
0x000000001bc60000 - 0x000000001bc63000 	C:\Program Files\Java\jdk1.8.0_192\jre\bin\api-ms-win-core-heap-l1-1-0.dll
0x000000001bc70000 - 0x000000001bc73000 	C:\Program Files\Java\jdk1.8.0_192\jre\bin\api-ms-win-core-interlocked-l1-1-0.dll
0x000000001bc80000 - 0x000000001bc83000 	C:\Program Files\Java\jdk1.8.0_192\jre\bin\api-ms-win-core-libraryloader-l1-1-0.dll
0x000000001bc90000 - 0x000000001bc93000 	C:\Program Files\Java\jdk1.8.0_192\jre\bin\api-ms-win-core-localization-l1-2-0.dll
0x000000001bca0000 - 0x000000001bca3000 	C:\Program Files\Java\jdk1.8.0_192\jre\bin\api-ms-win-core-memory-l1-1-0.dll
0x000000001bcb0000 - 0x000000001bcb3000 	C:\Program Files\Java\jdk1.8.0_192\jre\bin\api-ms-win-core-namedpipe-l1-1-0.dll
0x000000001bcc0000 - 0x000000001bcc3000 	C:\Program Files\Java\jdk1.8.0_192\jre\bin\api-ms-win-core-processenvironment-l1-1-0.dll
0x000000001bcd0000 - 0x000000001bcd3000 	C:\Program Files\Java\jdk1.8.0_192\jre\bin\api-ms-win-core-processthreads-l1-1-0.dll
0x000000001bce0000 - 0x000000001bce3000 	C:\Program Files\Java\jdk1.8.0_192\jre\bin\api-ms-win-core-processthreads-l1-1-1.dll
0x000000001bcf0000 - 0x000000001bcf3000 	C:\Program Files\Java\jdk1.8.0_192\jre\bin\api-ms-win-core-profile-l1-1-0.dll
0x000000001bd00000 - 0x000000001bd03000 	C:\Program Files\Java\jdk1.8.0_192\jre\bin\api-ms-win-core-rtlsupport-l1-1-0.dll
0x000000001bd10000 - 0x000000001bd13000 	C:\Program Files\Java\jdk1.8.0_192\jre\bin\api-ms-win-core-string-l1-1-0.dll
0x000000001bd20000 - 0x000000001bd23000 	C:\Program Files\Java\jdk1.8.0_192\jre\bin\api-ms-win-core-synch-l1-1-0.dll
0x000000001bd30000 - 0x000000001bd33000 	C:\Program Files\Java\jdk1.8.0_192\jre\bin\api-ms-win-core-synch-l1-2-0.dll
0x000000001bd40000 - 0x000000001bd43000 	C:\Program Files\Java\jdk1.8.0_192\jre\bin\api-ms-win-core-sysinfo-l1-1-0.dll
0x000000001bd50000 - 0x000000001bd53000 	C:\Program Files\Java\jdk1.8.0_192\jre\bin\api-ms-win-core-timezone-l1-1-0.dll
0x000000001bd60000 - 0x000000001bd63000 	C:\Program Files\Java\jdk1.8.0_192\jre\bin\api-ms-win-core-util-l1-1-0.dll
0x000000001bd70000 - 0x000000001bd73000 	C:\Program Files\Java\jdk1.8.0_192\jre\bin\api-ms-win-crt-conio-l1-1-0.dll
0x000000001bd80000 - 0x000000001bd84000 	C:\Program Files\Java\jdk1.8.0_192\jre\bin\api-ms-win-crt-convert-l1-1-0.dll
0x000000001bd90000 - 0x000000001bd93000 	C:\Program Files\Java\jdk1.8.0_192\jre\bin\api-ms-win-crt-environment-l1-1-0.dll
0x000000001bda0000 - 0x000000001bda3000 	C:\Program Files\Java\jdk1.8.0_192\jre\bin\api-ms-win-crt-filesystem-l1-1-0.dll
0x000000001bdb0000 - 0x000000001bdb3000 	C:\Program Files\Java\jdk1.8.0_192\jre\bin\api-ms-win-crt-heap-l1-1-0.dll
0x000000001bdc0000 - 0x000000001bdc3000 	C:\Program Files\Java\jdk1.8.0_192\jre\bin\api-ms-win-crt-locale-l1-1-0.dll
0x000000001bdd0000 - 0x000000001bdd5000 	C:\Program Files\Java\jdk1.8.0_192\jre\bin\api-ms-win-crt-math-l1-1-0.dll
0x000000001bde0000 - 0x000000001bde5000 	C:\Program Files\Java\jdk1.8.0_192\jre\bin\api-ms-win-crt-multibyte-l1-1-0.dll
0x000000001bdf0000 - 0x000000001be00000 	C:\Program Files\Java\jdk1.8.0_192\jre\bin\api-ms-win-crt-private-l1-1-0.dll
0x000000001be00000 - 0x000000001be03000 	C:\Program Files\Java\jdk1.8.0_192\jre\bin\api-ms-win-crt-process-l1-1-0.dll
0x000000001be10000 - 0x000000001be14000 	C:\Program Files\Java\jdk1.8.0_192\jre\bin\api-ms-win-crt-runtime-l1-1-0.dll
0x000000001be20000 - 0x000000001be24000 	C:\Program Files\Java\jdk1.8.0_192\jre\bin\api-ms-win-crt-stdio-l1-1-0.dll
0x000000001be30000 - 0x000000001be34000 	C:\Program Files\Java\jdk1.8.0_192\jre\bin\api-ms-win-crt-string-l1-1-0.dll
0x000000001be40000 - 0x000000001be43000 	C:\Program Files\Java\jdk1.8.0_192\jre\bin\api-ms-win-crt-time-l1-1-0.dll
0x000000001be50000 - 0x000000001be53000 	C:\Program Files\Java\jdk1.8.0_192\jre\bin\api-ms-win-crt-utility-l1-1-0.dll
0x00007ff980100000 - 0x00007ff9801f6000 	C:\Program Files\Java\jdk1.8.0_192\jre\bin\ucrtbase.dll
0x00007ff9816f0000 - 0x00007ff981706000 	C:\Program Files\Java\jdk1.8.0_192\jre\bin\vcruntime140.dll
0x00007ff97f9d0000 - 0x00007ff97fa6c000 	C:\Program Files\Java\jdk1.8.0_192\jre\bin\msvcp140.dll
0x00007ff97fe40000 - 0x00007ff97fe91000 	C:\Program Files\Java\jdk1.8.0_192\jre\bin\concrt140.dll
0x00007ff97f9a0000 - 0x00007ff97f9c3000 	C:\Program Files\Java\jdk1.8.0_192\jre\bin\prism_d3d.dll
0x00007ff956d00000 - 0x00007ff956e97000 	C:\WINDOWS\system32\d3d9.dll
0x00007ff984270000 - 0x00007ff984299000 	C:\WINDOWS\SYSTEM32\dwmapi.dll
0x00007ff983f90000 - 0x00007ff984028000 	C:\WINDOWS\system32\uxtheme.dll
0x00007ff92b5a0000 - 0x00007ff930d84000 	C:\WINDOWS\System32\DriverStore\FileRepository\igdlh64.inf_amd64_82119d956c80af5a\igdumdim64.dll
0x00007ff9875d0000 - 0x00007ff987692000 	C:\WINDOWS\System32\OLEAUT32.dll
0x00007ff988f60000 - 0x00007ff9890b1000 	C:\WINDOWS\System32\ole32.dll
0x00007ff987040000 - 0x00007ff98748b000 	C:\WINDOWS\System32\SETUPAPI.dll
0x00007ff975750000 - 0x00007ff975799000 	C:\Program Files\Java\jdk1.8.0_192\jre\bin\glass.dll
0x00007ff986c80000 - 0x00007ff986d6d000 	C:\WINDOWS\System32\COMDLG32.dll
0x00007ff988bf0000 - 0x00007ff988d63000 	C:\WINDOWS\System32\MSCTF.dll
0x00007ff97c930000 - 0x00007ff97da8c000 	C:\WINDOWS\System32\DriverStore\FileRepository\igdlh64.inf_amd64_82119d956c80af5a\igc64.dll
0x00007ff980240000 - 0x00007ff980254000 	C:\Program Files\Java\jdk1.8.0_192\jre\bin\javafx_font.dll

VM Arguments:
jvm_args: -Dfile.encoding=UTF-8 
java_command: D:\Users\Hamza Azam\Documents\NetBeansProjects\A03_04_AP\dist\run1154455076\A03_04_AP.jar
java_class_path (initial): D:\Users\Hamza Azam\Documents\NetBeansProjects\A03_04_AP\dist\run1154455076\A03_04_AP.jar
Launcher Type: SUN_STANDARD

Environment Variables:
PATH=C:\Program Files (x86)\Common Files\Oracle\Java\javapath;D:\app\Hamza\product\11.2.0\dbhome_1\bin;C:\ProgramData\Oracle\Java\javapath;C:\Program Files (x86)\Intel\iCLS Client\;C:\Program Files\Intel\iCLS Client\;C:\Windows;C:\Program Files (x86)\NVIDIA Corporation\PhysX\Common;C:\Program Files (x86)\Intel\Intel(R) Management Engine Components\DAL;C:\Program Files\Intel\Intel(R) Management Engine Components\DAL;C:\Program Files (x86)\Intel\Intel(R) Management Engine Components\IPT;C:\Program Files\Intel\Intel(R) Management Engine Components\IPT;C:\WINDOWS\system32;C:\WINDOWS;C:\WINDOWS\System32\Wbem;C:\WINDOWS\System32\WindowsPowerShell\v1.0\;C:\Program Files (x86)\Zend\Core\bin;D:\Program Files\ZC\bin;C:\WINDOWS\System32\OpenSSH\;C:\Users\Hamza Azam\AppData\Local\Microsoft\WindowsApps;C:\Program Files (x86)\Zend\Core\bin;D:\Program Files\ZC\bin;C:\Users\Hamza Azam\AppData\Local\GitHubDesktop\bin
USERNAME=Hamza Azam
OS=Windows_NT
PROCESSOR_IDENTIFIER=Intel64 Family 6 Model 142 Stepping 9, GenuineIntel



---------------  S Y S T E M  ---------------

OS: Windows 10.0 , 64 bit Build 17134 (10.0.17134.1)

CPU:total 4 (initial active 4) (2 cores per cpu, 2 threads per core) family 6 model 142 stepping 9, cmov, cx8, fxsr, mmx, sse, sse2, sse3, ssse3, sse4.1, sse4.2, popcnt, avx, avx2, aes, clmul, erms, 3dnowpref, lzcnt, ht, tsc, tscinvbit, bmi1, bmi2, adx

Memory: 4k page, physical 12447972k(1299504k free), swap 27931232k(904k free)

vm_info: Java HotSpot(TM) 64-Bit Server VM (25.192-b12) for windows-amd64 JRE (1.8.0_192-b12), built on Oct  6 2018 17:12:23 by "java_re" with MS VC++ 10.0 (VS2010)

time: Sat Dec 08 01:39:44 2018
timezone: Pakistan Standard Time
elapsed time: 1 seconds (0d 0h 0m 1s)

